[2017-10-28 16:51:56] system.NOTICE: /home/jxc/Documents/notebook/back/api/core/yaecho/BaseModel.php 288 Undefined index: `d` [] []
[2017-10-28 16:53:50] system.NOTICE: /home/jxc/Documents/notebook/back/api/core/yaecho/BaseModel.php 289 Undefined index: d [] []
[2017-10-28 17:09:27] system.NOTICE: /home/jxc/Documents/notebook/back/api/core/yaecho/db/Mysqli.php 154 Undefined property: core\yaecho\db\Mysqli::$db [] []
[2017-10-28 17:09:48] system.NOTICE: /home/jxc/Documents/notebook/back/api/core/yaecho/db/Mysqli.php 154 Undefined property: core\yaecho\db\Mysqli::$db [] []
[2017-10-28 17:09:55] system.NOTICE: /home/jxc/Documents/notebook/back/api/core/yaecho/db/Mysqli.php 154 Undefined property: core\yaecho\db\Mysqli::$db [] []
[2017-10-28 17:10:05] system.NOTICE: /home/jxc/Documents/notebook/back/api/core/yaecho/db/Mysqli.php 154 Undefined property: core\yaecho\db\Mysqli::$db [] []
[2017-10-28 17:13:05] system.NOTICE: /home/jxc/Documents/notebook/back/api/core/yaecho/db/Mysqli.php 154 Undefined property: core\yaecho\db\Mysqli::$db [] []
[2017-10-28 17:24:52] system.NOTICE: /home/jxc/Documents/notebook/back/api/core/yaecho/BaseModel.php 295 Undefined index: my [] []
[2017-10-28 17:25:20] system.NOTICE: /home/jxc/Documents/notebook/back/api/core/yaecho/BaseModel.php295Undefined index: my [] []
[2017-10-28 17:25:22] system.NOTICE: /home/jxc/Documents/notebook/back/api/core/yaecho/BaseModel.php295Undefined index: my [] []
[2017-10-28 17:25:26] system.NOTICE: /home/jxc/Documents/notebook/back/api/core/yaecho/BaseModel.php295Undefined index: my [] []
[2017-10-28 17:25:27] system.NOTICE: /home/jxc/Documents/notebook/back/api/core/yaecho/BaseModel.php295Undefined index: my [] []
[2017-10-28 17:25:27] system.NOTICE: /home/jxc/Documents/notebook/back/api/core/yaecho/BaseModel.php295Undefined index: my [] []
[2017-10-28 17:25:28] system.NOTICE: /home/jxc/Documents/notebook/back/api/core/yaecho/BaseModel.php295Undefined index: my [] []
[2017-10-28 17:25:28] system.NOTICE: /home/jxc/Documents/notebook/back/api/core/yaecho/BaseModel.php295Undefined index: my [] []
[2017-10-28 17:25:29] system.NOTICE: /home/jxc/Documents/notebook/back/api/core/yaecho/BaseModel.php295Undefined index: my [] []
[2017-10-28 17:25:29] system.NOTICE: /home/jxc/Documents/notebook/back/api/core/yaecho/BaseModel.php295Undefined index: my [] []
[2017-10-28 17:25:29] system.NOTICE: /home/jxc/Documents/notebook/back/api/core/yaecho/BaseModel.php295Undefined index: my [] []
[2017-10-28 17:25:30] system.NOTICE: /home/jxc/Documents/notebook/back/api/core/yaecho/BaseModel.php295Undefined index: my [] []
[2017-10-28 17:33:41] system.NOTICE: /home/jxc/Documents/notebook/back/api/core/yaecho/BaseModel.php295Undefined index: my [] []
[2017-10-28 17:33:42] system.NOTICE: /home/jxc/Documents/notebook/back/api/core/yaecho/BaseModel.php295Undefined index: my [] []
[2017-10-28 17:33:42] system.NOTICE: /home/jxc/Documents/notebook/back/api/core/yaecho/BaseModel.php295Undefined index: my [] []
[2017-10-28 17:33:43] system.NOTICE: /home/jxc/Documents/notebook/back/api/core/yaecho/BaseModel.php295Undefined index: my [] []
[2017-10-28 17:33:43] system.NOTICE: /home/jxc/Documents/notebook/back/api/core/yaecho/BaseModel.php295Undefined index: my [] []
[2017-10-28 17:33:52] system.NOTICE: /home/jxc/Documents/notebook/back/api/core/yaecho/BaseModel.php295Undefined index: my [] []
[2017-10-28 17:34:01] system.NOTICE: /home/jxc/Documents/notebook/back/api/core/yaecho/BaseModel.php295Undefined index: my [] []
[2017-10-28 17:34:01] system.NOTICE: /home/jxc/Documents/notebook/back/api/core/yaecho/BaseModel.php306Undefined variable: dasd [] []
[2017-10-28 17:34:31] system.NOTICE: /home/jxc/Documents/notebook/back/api/core/yaecho/BaseModel.php295Undefined index: my [] []
[2017-10-28 17:34:31] system.NOTICE: /home/jxc/Documents/notebook/back/api/core/yaecho/BaseModel.php306Undefined offset: 123 [] []
[2017-10-28 17:34:33] system.NOTICE: /home/jxc/Documents/notebook/back/api/core/yaecho/BaseModel.php295Undefined index: my [] []
[2017-10-28 17:34:33] system.NOTICE: /home/jxc/Documents/notebook/back/api/core/yaecho/BaseModel.php306Undefined offset: 123 [] []
[2017-10-28 17:34:33] system.NOTICE: /home/jxc/Documents/notebook/back/api/core/yaecho/BaseModel.php295Undefined index: my [] []
[2017-10-28 17:34:33] system.NOTICE: /home/jxc/Documents/notebook/back/api/core/yaecho/BaseModel.php306Undefined offset: 123 [] []
[2017-10-28 17:35:15] system.NOTICE: /home/jxc/Documents/notebook/back/api/core/yaecho/BaseModel.php295Undefined index: my [] []
[2017-10-28 17:35:15] system.NOTICE: /home/jxc/Documents/notebook/back/api/core/yaecho/BaseModel.php306Undefined offset: 123 [] []
[2017-10-28 17:35:16] system.NOTICE: /home/jxc/Documents/notebook/back/api/core/yaecho/BaseModel.php295Undefined index: my [] []
[2017-10-28 17:35:16] system.NOTICE: /home/jxc/Documents/notebook/back/api/core/yaecho/BaseModel.php306Undefined offset: 123 [] []
[2017-10-28 17:35:47] system.NOTICE: /home/jxc/Documents/notebook/back/api/core/yaecho/BaseModel.php295Undefined index: my [] []
[2017-10-28 17:35:47] system.WARNING: /home/jxc/Documents/notebook/back/api/core/yaecho/BaseModel.php306include(123.php): failed to open stream: No such file or directory [] []
[2017-10-28 17:35:47] system.WARNING: /home/jxc/Documents/notebook/back/api/core/yaecho/BaseModel.php306include(): Failed opening '123.php' for inclusion (include_path='.:/usr/share/php') [] []
[2017-10-28 17:36:05] system.NOTICE: /home/jxc/Documents/notebook/back/api/core/yaecho/BaseModel.php295Undefined index: my [] []
[2017-10-28 17:36:05] system.WARNING: /home/jxc/Documents/notebook/back/api/core/yaecho/BaseModel.php306include(123.php): failed to open stream: No such file or directory [] []
[2017-10-28 17:36:05] system.WARNING: /home/jxc/Documents/notebook/back/api/core/yaecho/BaseModel.php306include(): Failed opening '123.php' for inclusion (include_path='.:/usr/share/php') [] []
[2017-10-28 17:36:06] system.NOTICE: /home/jxc/Documents/notebook/back/api/core/yaecho/BaseModel.php295Undefined index: my [] []
[2017-10-28 17:36:06] system.WARNING: /home/jxc/Documents/notebook/back/api/core/yaecho/BaseModel.php306include(123.php): failed to open stream: No such file or directory [] []
[2017-10-28 17:36:06] system.WARNING: /home/jxc/Documents/notebook/back/api/core/yaecho/BaseModel.php306include(): Failed opening '123.php' for inclusion (include_path='.:/usr/share/php') [] []
[2017-10-28 17:36:47] system.NOTICE: /home/jxc/Documents/notebook/back/api/core/yaecho/BaseModel.php295Undefined index: my [] []
[2017-10-28 17:36:47] system.WARNING: /home/jxc/Documents/notebook/back/api/core/yaecho/BaseModel.php306include(123.php): failed to open stream: No such file or directory [] []
[2017-10-28 17:36:47] system.WARNING: /home/jxc/Documents/notebook/back/api/core/yaecho/BaseModel.php306include(): Failed opening '123.php' for inclusion (include_path='.:/usr/share/php') [] []
[2017-10-28 17:36:48] system.NOTICE: /home/jxc/Documents/notebook/back/api/core/yaecho/BaseModel.php295Undefined index: my [] []
[2017-10-28 17:36:48] system.WARNING: /home/jxc/Documents/notebook/back/api/core/yaecho/BaseModel.php306include(123.php): failed to open stream: No such file or directory [] []
[2017-10-28 17:36:48] system.WARNING: /home/jxc/Documents/notebook/back/api/core/yaecho/BaseModel.php306include(): Failed opening '123.php' for inclusion (include_path='.:/usr/share/php') [] []
[2017-10-28 17:36:48] system.NOTICE: /home/jxc/Documents/notebook/back/api/core/yaecho/BaseModel.php295Undefined index: my [] []
[2017-10-28 17:36:48] system.WARNING: /home/jxc/Documents/notebook/back/api/core/yaecho/BaseModel.php306include(123.php): failed to open stream: No such file or directory [] []
[2017-10-28 17:36:48] system.WARNING: /home/jxc/Documents/notebook/back/api/core/yaecho/BaseModel.php306include(): Failed opening '123.php' for inclusion (include_path='.:/usr/share/php') [] []
[2017-10-28 17:36:49] system.NOTICE: /home/jxc/Documents/notebook/back/api/core/yaecho/BaseModel.php295Undefined index: my [] []
[2017-10-28 17:36:49] system.WARNING: /home/jxc/Documents/notebook/back/api/core/yaecho/BaseModel.php306include(123.php): failed to open stream: No such file or directory [] []
[2017-10-28 17:36:49] system.WARNING: /home/jxc/Documents/notebook/back/api/core/yaecho/BaseModel.php306include(): Failed opening '123.php' for inclusion (include_path='.:/usr/share/php') [] []
[2017-10-28 17:36:50] system.NOTICE: /home/jxc/Documents/notebook/back/api/core/yaecho/BaseModel.php295Undefined index: my [] []
[2017-10-28 17:36:50] system.WARNING: /home/jxc/Documents/notebook/back/api/core/yaecho/BaseModel.php306include(123.php): failed to open stream: No such file or directory [] []
[2017-10-28 17:36:50] system.WARNING: /home/jxc/Documents/notebook/back/api/core/yaecho/BaseModel.php306include(): Failed opening '123.php' for inclusion (include_path='.:/usr/share/php') [] []
[2017-10-28 17:37:51] system.NOTICE: /home/jxc/Documents/notebook/back/api/core/yaecho/BaseModel.php295Undefined index: my [] []
[2017-10-28 17:37:51] system.WARNING: /home/jxc/Documents/notebook/back/api/core/yaecho/BaseModel.php306include(123.php): failed to open stream: No such file or directory [] []
[2017-10-28 17:37:51] system.WARNING: /home/jxc/Documents/notebook/back/api/core/yaecho/BaseModel.php306include(): Failed opening '123.php' for inclusion (include_path='.:/usr/share/php') [] []
[2017-10-28 17:37:52] system.NOTICE: /home/jxc/Documents/notebook/back/api/core/yaecho/BaseModel.php295Undefined index: my [] []
[2017-10-28 17:37:52] system.WARNING: /home/jxc/Documents/notebook/back/api/core/yaecho/BaseModel.php306include(123.php): failed to open stream: No such file or directory [] []
[2017-10-28 17:37:52] system.WARNING: /home/jxc/Documents/notebook/back/api/core/yaecho/BaseModel.php306include(): Failed opening '123.php' for inclusion (include_path='.:/usr/share/php') [] []
[2017-10-28 17:37:52] system.NOTICE: /home/jxc/Documents/notebook/back/api/core/yaecho/BaseModel.php295Undefined index: my [] []
[2017-10-28 17:37:52] system.WARNING: /home/jxc/Documents/notebook/back/api/core/yaecho/BaseModel.php306include(123.php): failed to open stream: No such file or directory [] []
[2017-10-28 17:37:52] system.WARNING: /home/jxc/Documents/notebook/back/api/core/yaecho/BaseModel.php306include(): Failed opening '123.php' for inclusion (include_path='.:/usr/share/php') [] []
[2017-10-28 17:37:52] system.NOTICE: /home/jxc/Documents/notebook/back/api/core/yaecho/BaseModel.php295Undefined index: my [] []
[2017-10-28 17:37:52] system.WARNING: /home/jxc/Documents/notebook/back/api/core/yaecho/BaseModel.php306include(123.php): failed to open stream: No such file or directory [] []
[2017-10-28 17:37:52] system.WARNING: /home/jxc/Documents/notebook/back/api/core/yaecho/BaseModel.php306include(): Failed opening '123.php' for inclusion (include_path='.:/usr/share/php') [] []
[2017-10-28 17:37:53] system.NOTICE: /home/jxc/Documents/notebook/back/api/core/yaecho/BaseModel.php295Undefined index: my [] []
[2017-10-28 17:37:53] system.WARNING: /home/jxc/Documents/notebook/back/api/core/yaecho/BaseModel.php306include(123.php): failed to open stream: No such file or directory [] []
[2017-10-28 17:37:53] system.WARNING: /home/jxc/Documents/notebook/back/api/core/yaecho/BaseModel.php306include(): Failed opening '123.php' for inclusion (include_path='.:/usr/share/php') [] []
[2017-10-28 17:37:53] system.NOTICE: /home/jxc/Documents/notebook/back/api/core/yaecho/BaseModel.php295Undefined index: my [] []
[2017-10-28 17:37:53] system.WARNING: /home/jxc/Documents/notebook/back/api/core/yaecho/BaseModel.php306include(123.php): failed to open stream: No such file or directory [] []
[2017-10-28 17:37:53] system.WARNING: /home/jxc/Documents/notebook/back/api/core/yaecho/BaseModel.php306include(): Failed opening '123.php' for inclusion (include_path='.:/usr/share/php') [] []
[2017-10-28 17:37:54] system.NOTICE: /home/jxc/Documents/notebook/back/api/core/yaecho/BaseModel.php295Undefined index: my [] []
[2017-10-28 17:37:54] system.WARNING: /home/jxc/Documents/notebook/back/api/core/yaecho/BaseModel.php306include(123.php): failed to open stream: No such file or directory [] []
[2017-10-28 17:37:54] system.WARNING: /home/jxc/Documents/notebook/back/api/core/yaecho/BaseModel.php306include(): Failed opening '123.php' for inclusion (include_path='.:/usr/share/php') [] []
[2017-10-28 17:37:54] system.NOTICE: /home/jxc/Documents/notebook/back/api/core/yaecho/BaseModel.php295Undefined index: my [] []
[2017-10-28 17:37:54] system.WARNING: /home/jxc/Documents/notebook/back/api/core/yaecho/BaseModel.php306include(123.php): failed to open stream: No such file or directory [] []
[2017-10-28 17:37:54] system.WARNING: /home/jxc/Documents/notebook/back/api/core/yaecho/BaseModel.php306include(): Failed opening '123.php' for inclusion (include_path='.:/usr/share/php') [] []
[2017-10-28 17:38:06] system.NOTICE: /home/jxc/Documents/notebook/back/api/core/yaecho/BaseModel.php295Undefined index: my [] []
[2017-10-28 17:38:06] system.WARNING: /home/jxc/Documents/notebook/back/api/core/yaecho/BaseModel.php306include(123.php): failed to open stream: No such file or directory [] []
[2017-10-28 17:38:06] system.WARNING: /home/jxc/Documents/notebook/back/api/core/yaecho/BaseModel.php306include(): Failed opening '123.php' for inclusion (include_path='.:/usr/share/php') [] []
[2017-10-28 17:38:07] system.NOTICE: /home/jxc/Documents/notebook/back/api/core/yaecho/BaseModel.php295Undefined index: my [] []
[2017-10-28 17:38:07] system.WARNING: /home/jxc/Documents/notebook/back/api/core/yaecho/BaseModel.php306include(123.php): failed to open stream: No such file or directory [] []
[2017-10-28 17:38:07] system.WARNING: /home/jxc/Documents/notebook/back/api/core/yaecho/BaseModel.php306include(): Failed opening '123.php' for inclusion (include_path='.:/usr/share/php') [] []
[2017-10-28 17:38:07] system.NOTICE: /home/jxc/Documents/notebook/back/api/core/yaecho/BaseModel.php295Undefined index: my [] []
[2017-10-28 17:38:07] system.WARNING: /home/jxc/Documents/notebook/back/api/core/yaecho/BaseModel.php306include(123.php): failed to open stream: No such file or directory [] []
[2017-10-28 17:38:07] system.WARNING: /home/jxc/Documents/notebook/back/api/core/yaecho/BaseModel.php306include(): Failed opening '123.php' for inclusion (include_path='.:/usr/share/php') [] []
[2017-10-28 17:38:08] system.NOTICE: /home/jxc/Documents/notebook/back/api/core/yaecho/BaseModel.php295Undefined index: my [] []
[2017-10-28 17:38:08] system.WARNING: /home/jxc/Documents/notebook/back/api/core/yaecho/BaseModel.php306include(123.php): failed to open stream: No such file or directory [] []
[2017-10-28 17:38:08] system.WARNING: /home/jxc/Documents/notebook/back/api/core/yaecho/BaseModel.php306include(): Failed opening '123.php' for inclusion (include_path='.:/usr/share/php') [] []
[2017-10-28 17:38:08] system.NOTICE: /home/jxc/Documents/notebook/back/api/core/yaecho/BaseModel.php295Undefined index: my [] []
[2017-10-28 17:38:08] system.WARNING: /home/jxc/Documents/notebook/back/api/core/yaecho/BaseModel.php306include(123.php): failed to open stream: No such file or directory [] []
[2017-10-28 17:38:08] system.WARNING: /home/jxc/Documents/notebook/back/api/core/yaecho/BaseModel.php306include(): Failed opening '123.php' for inclusion (include_path='.:/usr/share/php') [] []
[2017-10-28 17:38:25] system.NOTICE: /home/jxc/Documents/notebook/back/api/core/yaecho/BaseModel.php295Undefined index: my [] []
[2017-10-28 17:38:25] system.WARNING: /home/jxc/Documents/notebook/back/api/core/yaecho/BaseModel.php306include(123.php): failed to open stream: No such file or directory [] []
[2017-10-28 17:38:25] system.WARNING: /home/jxc/Documents/notebook/back/api/core/yaecho/BaseModel.php306include(): Failed opening '123.php' for inclusion (include_path='.:/usr/share/php') [] []
[2017-10-28 17:38:25] system.NOTICE: /home/jxc/Documents/notebook/back/api/core/yaecho/BaseModel.php295Undefined index: my [] []
[2017-10-28 17:38:25] system.WARNING: /home/jxc/Documents/notebook/back/api/core/yaecho/BaseModel.php306include(123.php): failed to open stream: No such file or directory [] []
[2017-10-28 17:38:25] system.WARNING: /home/jxc/Documents/notebook/back/api/core/yaecho/BaseModel.php306include(): Failed opening '123.php' for inclusion (include_path='.:/usr/share/php') [] []
[2017-10-28 17:39:03] system.NOTICE: /home/jxc/Documents/notebook/back/api/core/yaecho/BaseModel.php295Undefined index: my [] []
[2017-10-28 17:39:03] system.WARNING: /home/jxc/Documents/notebook/back/api/core/yaecho/BaseModel.php306include(123.php): failed to open stream: No such file or directory [] []
[2017-10-28 17:39:03] system.WARNING: /home/jxc/Documents/notebook/back/api/core/yaecho/BaseModel.php306include(): Failed opening '123.php' for inclusion (include_path='.:/usr/share/php') [] []
[2017-10-28 17:39:20] system.NOTICE: /home/jxc/Documents/notebook/back/api/core/yaecho/BaseModel.php295Undefined index: my [] []
[2017-10-28 17:41:23] system.NOTICE: /home/jxc/Documents/notebook/back/api/core/yaecho/BaseModel.php295Undefined index: my [] []
[2017-10-28 17:41:23] system.NOTICE: /home/jxc/Documents/notebook/back/api/core/init.php59Undefined variable: logWrite [] []
[2017-10-28 17:41:23] system.CRITICAL: /home/jxc/Documents/notebook/back/api/core/init.php68Uncaught Error: Class 'core\Exception' not found in /home/jxc/Documents/notebook/back/api/core/init.php:68 Stack trace: #0 /home/jxc/Documents/notebook/back/api/core/init.php(59): core\{closure}(8, 'Undefined varia...', '/home/jxc/Docum...', 59, Array) #1 [internal function]: core\{closure}(Object(Error)) #2 {main}   thrown [] []
[2017-10-28 17:41:25] system.NOTICE: /home/jxc/Documents/notebook/back/api/core/yaecho/BaseModel.php295Undefined index: my [] []
[2017-10-28 17:41:25] system.NOTICE: /home/jxc/Documents/notebook/back/api/core/init.php59Undefined variable: logWrite [] []
[2017-10-28 17:41:25] system.CRITICAL: /home/jxc/Documents/notebook/back/api/core/init.php68Uncaught Error: Class 'core\Exception' not found in /home/jxc/Documents/notebook/back/api/core/init.php:68 Stack trace: #0 /home/jxc/Documents/notebook/back/api/core/init.php(59): core\{closure}(8, 'Undefined varia...', '/home/jxc/Docum...', 59, Array) #1 [internal function]: core\{closure}(Object(Error)) #2 {main}   thrown [] []
[2017-10-28 17:41:48] system.CRITICAL: /home/jxc/Documents/notebook/back/api/core/init.php68Uncaught Exception: Undefined variable: logWrite in /home/jxc/Documents/notebook/back/api/core/init.php:68 Stack trace: #0 /home/jxc/Documents/notebook/back/api/core/init.php(59): core\{closure}(8, 'Undefined varia...', '/home/jxc/Docum...', 59, Array) #1 [internal function]: core\{closure}(Object(Exception)) #2 {main}   thrown [] []
[2017-10-28 20:10:32] system.NOTICE: /home/jxc/Documents/notebook/back/api/core/yaecho/BaseModel.php294Undefined index: my [] []
[2017-10-28 20:15:52] system.NOTICE: /home/jxc/Documents/notebook/back/api/core/yaecho/BaseModel.php294Undefined index: my [] []
[2017-10-28 20:17:41] system.NOTICE: /home/jxc/Documents/notebook/back/api/core/yaecho/BaseModel.php295Undefined index: my [] []
[2017-10-28 20:17:45] system.NOTICE: /home/jxc/Documents/notebook/back/api/core/yaecho/BaseModel.php295Undefined index: my [] []
[2017-10-28 20:32:38] system.WARNING: /home/jxc/Documents/notebook/back/api/core/yaecho/db/Mysqli.php 124 Call to a member function free() on boolean [] []
[2017-10-28 20:37:00] system.WARNING: /home/jxc/Documents/notebook/back/api/core/yaecho/BaseModel.php 93 Invalid argument supplied for foreach() [] []
[2017-10-28 21:56:47] system.WARNING: /home/jxc/Documents/notebook/back/api/core/yaecho/BaseModel.php 156 Invalid argument supplied for foreach() [] []
[2017-10-28 21:57:03] system.NOTICE: /home/jxc/Documents/notebook/back/api/core/yaecho/BaseModel.php 339 Undefined variable: set [] []
[2017-10-28 21:59:15] system.NOTICE: /home/jxc/Documents/notebook/back/api/core/yaecho/BaseModel.php 340 Undefined property: core\yaecho\BaseModel::$opition [] []
