[2017-09-03 09:51:05] system.DEBUG: /home/jxc/Documents/notebook/back/api/core/yaecho/BaseModel.php 35 Undefined variable: table [] []
[2017-09-03 09:52:04] system.DEBUG: /home/jxc/Documents/notebook/back/api/core/yaecho/BaseModel.php 35 Undefined variable: table [] []
[2017-09-03 09:57:31] system.DEBUG: /home/jxc/Documents/notebook/back/api/core/yaecho/BaseModel.php 35 Undefined variable: table [] []
[2017-09-03 09:57:34] system.DEBUG: /home/jxc/Documents/notebook/back/api/core/yaecho/BaseModel.php 35 Undefined variable: table [] []
[2017-09-03 09:57:42] system.DEBUG: /home/jxc/Documents/notebook/back/api/core/yaecho/BaseModel.php 35 Undefined variable: table [] []
[2017-09-03 09:58:24] system.DEBUG: /home/jxc/Documents/notebook/back/api/core/yaecho/BaseModel.php 35 Undefined variable: table [] []
[2017-09-03 09:58:25] system.DEBUG: /home/jxc/Documents/notebook/back/api/core/yaecho/BaseModel.php 35 Undefined variable: table [] []
[2017-09-03 09:58:38] system.DEBUG: /home/jxc/Documents/notebook/back/api/core/yaecho/BaseModel.php 35 Undefined variable: table [] []
[2017-09-03 09:58:58] system.DEBUG: /home/jxc/Documents/notebook/back/api/core/yaecho/BaseModel.php 35 Undefined variable: table [] []
[2017-09-03 10:34:01] system.DEBUG: /home/jxc/Documents/notebook/back/api/core/yaecho/BaseModel.php 35 Undefined variable: option [] []
[2017-09-03 10:34:22] system.DEBUG: /home/jxc/Documents/notebook/back/api/core/yaecho/BaseModel.php 35 Undefined index: weq [] []
[2017-09-03 13:55:38] system.NOTICE: /home/jxc/Documents/notebook/back/api/core/yaecho/BaseModel.php 35 Undefined index: weq [] []
[2017-09-03 14:23:14] system.NOTICE: /home/jxc/Documents/notebook/back/api/core/yaecho/BaseModel.php 35 Undefined index: weq [] []
[2017-09-03 14:24:19] system.NOTICE: /home/jxc/Documents/notebook/back/api/core/yaecho/BaseModel.php 35 Undefined index: weq [] []
[2017-09-03 14:24:23] system.NOTICE: /home/jxc/Documents/notebook/back/api/core/yaecho/BaseModel.php 35 Undefined index: weq [] []
[2017-09-03 14:51:02] system.CRITICAL: /home/jxc/Documents/notebook/back/api/core/init.php 69 Uncaught Error: Class 'core\ErrorException' not found in /home/jxc/Documents/notebook/back/api/core/init.php:69 Stack trace: #0 /home/jxc/Documents/notebook/back/api/core/init.php(61): core\{closure}(8, 'Undefined offse...', '/home/jxc/Docum...', 61, Array) #1 [internal function]: core\{closure}(Object(Error)) #2 {main}   thrown [] []
[2017-09-03 14:51:25] system.NOTICE: /home/jxc/Documents/notebook/back/api/core/yaecho/BaseModel.php35Undefined index: weq [] []
[2017-09-03 14:51:32] system.NOTICE: /home/jxc/Documents/notebook/back/api/core/yaecho/BaseModel.php35Undefined index: weq [] []
[2017-09-03 14:51:58] system.NOTICE: /home/jxc/Documents/notebook/back/api/core/yaecho/BaseModel.php35Undefined index: weq [] []
[2017-09-03 14:52:01] system.NOTICE: /home/jxc/Documents/notebook/back/api/core/yaecho/BaseModel.php35Undefined index: weq [] []
[2017-09-03 14:53:08] system.NOTICE: /home/jxc/Documents/notebook/back/api/core/yaecho/BaseModel.php35Undefined index: weq [] []
[2017-09-03 14:53:09] system.NOTICE: /home/jxc/Documents/notebook/back/api/core/yaecho/BaseModel.php35Undefined index: weq [] []
[2017-09-03 14:53:14] system.NOTICE: /home/jxc/Documents/notebook/back/api/core/yaecho/BaseModel.php35Undefined index: weq [] []
[2017-09-03 14:55:38] system.NOTICE: /home/jxc/Documents/notebook/back/api/core/yaecho/BaseModel.php35Undefined index: weq [] []
[2017-09-03 14:56:01] system.NOTICE: /home/jxc/Documents/notebook/back/api/core/yaecho/BaseModel.php35Undefined index: weq [] []
[2017-09-03 14:56:13] system.NOTICE: /home/jxc/Documents/notebook/back/api/core/yaecho/BaseModel.php35Undefined index: weq [] []
[2017-09-03 14:59:50] system.NOTICE: /home/jxc/Documents/notebook/back/api/core/yaecho/BaseModel.php35Undefined index: weq [] []
[2017-09-03 14:59:58] system.NOTICE: /home/jxc/Documents/notebook/back/api/core/yaecho/BaseModel.php35Undefined index: weq [] []
[2017-09-03 15:18:50] system.NOTICE: /home/jxc/Documents/notebook/back/api/core/yaecho/BaseModel.php35Undefined index: weq [] []
[2017-09-03 15:18:50] system.NOTICE: /home/jxc/Documents/notebook/back/api/core/yaecho/BaseModel.php36Undefined index: weq3 [] []
[2017-09-03 15:27:20] system.NOTICE: /home/jxc/Documents/notebook/back/api/core/yaecho/BaseModel.php35Undefined index: weq [] []
[2017-09-03 15:27:20] system.NOTICE: /home/jxc/Documents/notebook/back/api/core/yaecho/BaseModel.php36Undefined index: weq3 [] []
[2017-09-03 15:34:02] system.NOTICE: /home/jxc/Documents/notebook/back/api/core/yaecho/BaseModel.php35Undefined index: weq [] []
[2017-09-03 15:34:02] system.NOTICE: /home/jxc/Documents/notebook/back/api/core/yaecho/BaseModel.php36Undefined index: weq3 [] []
[2017-09-03 15:34:09] system.NOTICE: /home/jxc/Documents/notebook/back/api/core/yaecho/BaseModel.php35Undefined index: weq [] []
[2017-09-03 15:34:09] system.NOTICE: /home/jxc/Documents/notebook/back/api/core/yaecho/BaseModel.php36Undefined index: weq3 [] []
[2017-09-03 15:34:28] system.NOTICE: /home/jxc/Documents/notebook/back/api/core/yaecho/BaseModel.php35Undefined index: weq [] []
[2017-09-03 15:34:28] system.NOTICE: /home/jxc/Documents/notebook/back/api/core/yaecho/BaseModel.php36Undefined index: weq3 [] []
[2017-09-03 15:34:47] system.NOTICE: /home/jxc/Documents/notebook/back/api/core/yaecho/BaseModel.php35Undefined index: weq [] []
[2017-09-03 15:34:47] system.NOTICE: /home/jxc/Documents/notebook/back/api/core/yaecho/BaseModel.php36Undefined index: weq3 [] []
[2017-09-03 15:34:51] system.NOTICE: /home/jxc/Documents/notebook/back/api/core/yaecho/BaseModel.php35Undefined index: weq [] []
[2017-09-03 15:34:51] system.NOTICE: /home/jxc/Documents/notebook/back/api/core/yaecho/BaseModel.php36Undefined index: weq3 [] []
[2017-09-03 15:34:53] system.NOTICE: /home/jxc/Documents/notebook/back/api/core/yaecho/BaseModel.php35Undefined index: weq [] []
[2017-09-03 15:34:53] system.NOTICE: /home/jxc/Documents/notebook/back/api/core/yaecho/BaseModel.php36Undefined index: weq3 [] []
[2017-09-03 15:43:53] system.NOTICE: /home/jxc/Documents/notebook/back/api/core/yaecho/BaseModel.php 35 Undefined index: weq [] []
[2017-09-03 15:44:08] system.NOTICE: /home/jxc/Documents/notebook/back/api/core/yaecho/BaseModel.php 35 Undefined index: weq3 [] []
[2017-09-03 15:52:25] system.NOTICE: /home/jxc/Documents/notebook/back/api/core/yaecho/BaseModel.php 35 Undefined index: weq3 [] []
